-- The CXX compiler identification is GNU 11.4.0
-- Detecting CXX compiler ABI info
-- Detecting CXX compiler ABI info - done
-- Check for working CXX compiler: /usr/bin/c++ - skipped
-- Detecting CXX compile features
-- Detecting CXX compile features - done
-- The C compiler identification is GNU 11.4.0
-- Detecting C compiler ABI info
-- Detecting C compiler ABI info - done
-- Check for working C compiler: /usr/bin/cc - skipped
-- Detecting C compile features
-- Detecting C compile features - done
-- Failed to find LLVM FileCheck
-- Found Git: /usr/bin/git (found version "2.34.1") 
-- Google Benchmark version: v1.9.0, normalized to 1.9.0
-- Looking for shm_open in rt
-- Looking for shm_open in rt - found
-- Performing Test HAVE_CXX_FLAG_WALL
-- Performing Test HAVE_CXX_FLAG_WALL - Success
-- Performing Test HAVE_CXX_FLAG_WEXTRA
-- Performing Test HAVE_CXX_FLAG_WEXTRA - Success
-- Performing Test HAVE_CXX_FLAG_WSHADOW
-- Performing Test HAVE_CXX_FLAG_WSHADOW - Success
-- Performing Test HAVE_CXX_FLAG_WFLOAT_EQUAL
-- Performing Test HAVE_CXX_FLAG_WFLOAT_EQUAL - Success
-- Performing Test HAVE_CXX_FLAG_WOLD_STYLE_CAST
-- Performing Test HAVE_CXX_FLAG_WOLD_STYLE_CAST - Success
-- Performing Test HAVE_CXX_FLAG_WCONVERSION
-- Performing Test HAVE_CXX_FLAG_WCONVERSION - Success
-- Performing Test HAVE_CXX_FLAG_WERROR
-- Performing Test HAVE_CXX_FLAG_WERROR - Success
-- Performing Test HAVE_CXX_FLAG_PEDANTIC
-- Performing Test HAVE_CXX_FLAG_PEDANTIC - Success
-- Performing Test HAVE_CXX_FLAG_PEDANTIC_ERRORS
-- Performing Test HAVE_CXX_FLAG_PEDANTIC_ERRORS - Success
-- Performing Test HAVE_CXX_FLAG_WSHORTEN_64_TO_32
-- Performing Test HAVE_CXX_FLAG_WSHORTEN_64_TO_32 - Failed
-- Performing Test HAVE_CXX_FLAG_FSTRICT_ALIASING
-- Performing Test HAVE_CXX_FLAG_FSTRICT_ALIASING - Success
-- Performing Test HAVE_CXX_FLAG_WNO_DEPRECATED_DECLARATIONS
-- Performing Test HAVE_CXX_FLAG_WNO_DEPRECATED_DECLARATIONS - Success
-- Performing Test HAVE_CXX_FLAG_WNO_DEPRECATED
-- Performing Test HAVE_CXX_FLAG_WNO_DEPRECATED - Success
-- Performing Test HAVE_CXX_FLAG_WSTRICT_ALIASING
-- Performing Test HAVE_CXX_FLAG_WSTRICT_ALIASING - Success
-- Performing Test HAVE_CXX_FLAG_WD654
-- Performing Test HAVE_CXX_FLAG_WD654 - Failed
-- Performing Test HAVE_CXX_FLAG_WTHREAD_SAFETY
-- Performing Test HAVE_CXX_FLAG_WTHREAD_SAFETY - Failed
-- Performing Test HAVE_CXX_FLAG_COVERAGE
-- Performing Test HAVE_CXX_FLAG_COVERAGE - Success
-- Compiling and running to test HAVE_STD_REGEX
-- Performing Test HAVE_STD_REGEX -- success
-- Compiling and running to test HAVE_GNU_POSIX_REGEX
-- Performing Test HAVE_GNU_POSIX_REGEX -- failed to compile
-- Compiling and running to test HAVE_POSIX_REGEX
-- Performing Test HAVE_POSIX_REGEX -- success
-- Compiling and running to test HAVE_STEADY_CLOCK
-- Performing Test HAVE_STEADY_CLOCK -- success
-- Looking for C++ include pthread.h
-- Looking for C++ include pthread.h - found
-- Performing Test CMAKE_HAVE_LIBC_PTHREAD
-- Performing Test CMAKE_HAVE_LIBC_PTHREAD - Success
-- Found Threads: TRUE  
-- Compiling and running to test HAVE_PTHREAD_AFFINITY
-- Performing Test HAVE_PTHREAD_AFFINITY -- success
-- Found PFM: /opt/nvidia/nsight-compute/2024.3.2/host/linux-desktop-glibc_2_11_3-x64/libpfm.so.4  
-- Looking for Google Test sources
-- Looking for Google Test sources in /root/sam/matmul-cuda/build/_deps/googlebenchmark-src/googletest
CMake Warning at CMakeLists.txt:37 (message):
  Did not find Google Test sources! Fetching from web...


-- Configuring done
-- Generating done
-- Build files have been written to: /root/sam/matmul-cuda/build/_deps/googlebenchmark-build/third_party/googletest
[ 11%] Creating directories for 'googletest'
[ 22%] Performing download step (git clone) for 'googletest'
Cloning into 'src'...
HEAD is now at e2239ee6 Googletest export
[ 33%] Performing update step for 'googletest'
[ 44%] No patch step for 'googletest'
[ 55%] No configure step for 'googletest'
[ 66%] No build step for 'googletest'
[ 77%] No install step for 'googletest'
[ 88%] No test step for 'googletest'
[100%] Completed 'googletest'
[100%] Built target googletest
-- Found Python: /usr/bin/python3.10 (found version "3.10.12") found components: Interpreter 
-- Performing Test HAVE_CXX_FLAG_WNO_UNUSED_VARIABLE
-- Performing Test HAVE_CXX_FLAG_WNO_UNUSED_VARIABLE - Success
-- Performing Test BENCHMARK_HAS_O3_FLAG
-- Performing Test BENCHMARK_HAS_O3_FLAG - Success
-- Performing Test BENCHMARK_HAS_DEPRECATED_DECLARATIONS_FLAG
-- Performing Test BENCHMARK_HAS_DEPRECATED_DECLARATIONS_FLAG - Success
-- Performing Test BENCHMARK_HAS_WNO_ODR
-- Performing Test BENCHMARK_HAS_WNO_ODR - Success
-- Performing Test BENCHMARK_HAS_WNO_LTO_TYPE_MISMATCH
-- Performing Test BENCHMARK_HAS_WNO_LTO_TYPE_MISMATCH - Success
-- Found CUDA: /usr/local/cuda (found version "12.6") 
-- Found CUDAToolkit: /usr/local/cuda/include (found version "12.6.77") 
-- CUDA found: 12.6
-- The CUDA compiler identification is NVIDIA 12.6.77
-- Detecting CUDA compiler ABI info
-- Detecting CUDA compiler ABI info - done
-- Check for working CUDA compiler: /usr/local/cuda/bin/nvcc - skipped
-- Detecting CUDA compile features
-- Detecting CUDA compile features - done
-- CUDA_ARCHITECTURES: 75;80;86
-- CUDA_INCLUDE_DIRS: /usr/local/cuda/include
-- CMAKE_CUDA_TOOLKIT_INCLUDE_DIRECTORIES: /usr/local/cuda/targets/x86_64-linux/include
-- Looking for CL_VERSION_2_2
-- Looking for CL_VERSION_2_2 - found
-- Found OpenCL: /usr/local/cuda/lib64/libOpenCL.so (found version "2.2") 
-- Found OpenMP_C: -fopenmp (found version "4.5") 
-- Found OpenMP_CXX: -fopenmp (found version "4.5") 
-- Found OpenMP: TRUE (found version "4.5")  
-- Configuring done
-- Generating done
-- Build files have been written to: /root/sam/matmul-cuda/build
[  1%] Building CXX object _deps/googlebenchmark-build/src/CMakeFiles/benchmark.dir/benchmark.cc.o
[  2%] Building CXX object _deps/googlebenchmark-build/src/CMakeFiles/benchmark.dir/benchmark_register.cc.o
[  3%] Building CXX object _deps/googlebenchmark-build/src/CMakeFiles/benchmark.dir/benchmark_name.cc.o
[  4%] Building CXX object _deps/googlebenchmark-build/src/CMakeFiles/benchmark.dir/check.cc.o
[  4%] Building CXX object _deps/googlebenchmark-build/src/CMakeFiles/benchmark.dir/benchmark_runner.cc.o
[  4%] Building CXX object _deps/googlebenchmark-build/src/CMakeFiles/benchmark.dir/benchmark_api_internal.cc.o
[  4%] Building CXX object _deps/googlebenchmark-build/src/CMakeFiles/benchmark.dir/counter.cc.o
[  4%] Building CXX object _deps/googlebenchmark-build/src/CMakeFiles/benchmark.dir/commandlineflags.cc.o
[  5%] Building CXX object _deps/googlebenchmark-build/src/CMakeFiles/benchmark.dir/complexity.cc.o
[  5%] Building CXX object _deps/googlebenchmark-build/third_party/googletest/build/googletest/CMakeFiles/gtest.dir/src/gtest-all.cc.o
[  9%] Building CXX object _deps/argparse-build/test/CMakeFiles/ARGPARSE_TESTS.dir/test_actions.cpp.o
[  9%] Building CXX object _deps/googlebenchmark-build/src/CMakeFiles/benchmark.dir/colorprint.cc.o
[  9%] Building CXX object _deps/googlebenchmark-build/src/CMakeFiles/benchmark.dir/console_reporter.cc.o
[  9%] Building CXX object _deps/argparse-build/test/CMakeFiles/ARGPARSE_TESTS.dir/test_as_container.cpp.o
[ 11%] Building CXX object _deps/googlebenchmark-build/src/CMakeFiles/benchmark.dir/reporter.cc.o
[ 11%] Building CXX object _deps/googlebenchmark-build/src/CMakeFiles/benchmark.dir/csv_reporter.cc.o
[ 11%] Building CXX object _deps/argparse-build/test/CMakeFiles/ARGPARSE_TESTS.dir/test_append.cpp.o
[ 11%] Building CXX object _deps/googlebenchmark-build/src/CMakeFiles/benchmark.dir/statistics.cc.o
[ 12%] Building CXX object _deps/googlebenchmark-build/src/CMakeFiles/benchmark.dir/perf_counters.cc.o
[ 12%] Building CXX object _deps/googlebenchmark-build/src/CMakeFiles/benchmark.dir/json_reporter.cc.o
[ 13%] Building CXX object _deps/argparse-build/test/CMakeFiles/ARGPARSE_TESTS.dir/test_default_value.cpp.o
[ 13%] Building CXX object _deps/argparse-build/test/CMakeFiles/ARGPARSE_TESTS.dir/main.cpp.o
[ 15%] Building CXX object _deps/googlebenchmark-build/src/CMakeFiles/benchmark.dir/string_util.cc.o
[ 15%] Building CXX object _deps/googlebenchmark-build/src/CMakeFiles/benchmark.dir/sysinfo.cc.o
[ 15%] Building CXX object _deps/googlebenchmark-build/src/CMakeFiles/benchmark.dir/timers.cc.o
[ 15%] Building CXX object _deps/argparse-build/test/CMakeFiles/ARGPARSE_TESTS.dir/test_choices.cpp.o
[ 16%] Building CXX object _deps/argparse-build/test/CMakeFiles/ARGPARSE_TESTS.dir/test_bool_operator.cpp.o
[ 17%] Building CXX object _deps/argparse-build/test/CMakeFiles/ARGPARSE_TESTS.dir/test_compound_arguments.cpp.o
[ 18%] Building CXX object _deps/argparse-build/test/CMakeFiles/ARGPARSE_TESTS.dir/test_equals_form.cpp.o
[ 19%] Building CXX object _deps/argparse-build/test/CMakeFiles/ARGPARSE_TESTS.dir/test_get.cpp.o
[ 19%] Building CXX object _deps/argparse-build/test/CMakeFiles/ARGPARSE_TESTS.dir/test_default_args.cpp.o
[ 19%] Building CXX object _deps/argparse-build/test/CMakeFiles/ARGPARSE_TESTS.dir/test_error_reporting.cpp.o
[ 19%] Building CXX object _deps/argparse-build/test/CMakeFiles/ARGPARSE_TESTS.dir/test_is_used.cpp.o
[ 20%] Building CXX object _deps/argparse-build/test/CMakeFiles/ARGPARSE_TESTS.dir/test_container_arguments.cpp.o
[ 21%] Building CXX object _deps/argparse-build/test/CMakeFiles/ARGPARSE_TESTS.dir/test_hidden_alias.cpp.o
[ 21%] Building CXX object _deps/argparse-build/test/CMakeFiles/ARGPARSE_TESTS.dir/test_hidden_argument.cpp.o
[ 21%] Building CXX object _deps/argparse-build/test/CMakeFiles/ARGPARSE_TESTS.dir/test_negative_numbers.cpp.o
[ 25%] Building CXX object _deps/argparse-build/test/CMakeFiles/ARGPARSE_TESTS.dir/test_optional_arguments.cpp.o
[ 25%] Building CXX object _deps/argparse-build/test/CMakeFiles/ARGPARSE_TESTS.dir/test_issue_37.cpp.o
[ 23%] Building CXX object _deps/argparse-build/test/CMakeFiles/ARGPARSE_TESTS.dir/test_invalid_arguments.cpp.o
[ 25%] Building CXX object _deps/argparse-build/test/CMakeFiles/ARGPARSE_TESTS.dir/test_help.cpp.o
[ 25%] Building CXX object _deps/argparse-build/test/CMakeFiles/ARGPARSE_TESTS.dir/test_positional_arguments.cpp.o
[ 26%] Building CXX object _deps/argparse-build/test/CMakeFiles/ARGPARSE_TESTS.dir/test_parse_args.cpp.o
[ 26%] Building CXX object _deps/argparse-build/test/CMakeFiles/ARGPARSE_TESTS.dir/test_mutually_exclusive_group.cpp.o
[ 27%] Building CXX object _deps/argparse-build/test/CMakeFiles/ARGPARSE_TESTS.dir/test_parent_parsers.cpp.o
[ 29%] Building CXX object _deps/argparse-build/test/CMakeFiles/ARGPARSE_TESTS.dir/test_repr.cpp.o
[ 29%] Building CXX object _deps/argparse-build/test/CMakeFiles/ARGPARSE_TESTS.dir/test_required_arguments.cpp.o
[ 29%] Building CXX object _deps/argparse-build/test/CMakeFiles/ARGPARSE_TESTS.dir/test_parse_known_args.cpp.o
[ 30%] Building CXX object _deps/argparse-build/test/CMakeFiles/ARGPARSE_TESTS.dir/test_prefix_chars.cpp.o
[ 31%] Building CXX object _deps/argparse-build/test/CMakeFiles/ARGPARSE_TESTS.dir/test_scan.cpp.o
[ 32%] Building CXX object _deps/argparse-build/test/CMakeFiles/ARGPARSE_TESTS.dir/test_store_into.cpp.o
[ 32%] Building CXX object _deps/argparse-build/test/CMakeFiles/ARGPARSE_TESTS.dir/test_stringstream.cpp.o
[ 34%] Building CXX object _deps/argparse-build/test/CMakeFiles/ARGPARSE_TESTS.dir/test_version.cpp.o
[ 34%] Building CXX object _deps/argparse-build/test/CMakeFiles/ARGPARSE_TESTS.dir/test_subparsers.cpp.o
[ 35%] Linking CXX static library libbenchmark.a
[ 35%] Built target benchmark
[ 36%] Building CXX object _deps/googlebenchmark-build/src/CMakeFiles/benchmark_main.dir/benchmark_main.cc.o
[ 37%] Building CUDA object CMakeFiles/matmul.dir/src/gemm.cu.o
[ 37%] Building CXX object CMakeFiles/matmul.dir/matmul_driver.cpp.o
[ 38%] Building CXX object _deps/googlebenchmark-build/test/CMakeFiles/benchmark_setup_teardown_test.dir/benchmark_setup_teardown_test.cc.o
[ 40%] Building CXX object CMakeFiles/matmul.dir/src/gemm.cpp.o
[ 40%] Building CXX object _deps/googlebenchmark-build/test/CMakeFiles/filter_test.dir/filter_test.cc.o
[ 41%] Building CXX object _deps/googlebenchmark-build/test/CMakeFiles/donotoptimize_test.dir/donotoptimize_test.cc.o
[ 42%] Building CXX object _deps/googlebenchmark-build/test/CMakeFiles/map_test.dir/map_test.cc.o
[ 42%] Building CXX object _deps/googlebenchmark-build/test/CMakeFiles/output_test_helper.dir/output_test_helper.cc.o
[ 43%] Building CXX object _deps/googlebenchmark-build/test/CMakeFiles/benchmark_min_time_flag_time_test.dir/benchmark_min_time_flag_time_test.cc.o
[ 44%] Building CXX object _deps/googlebenchmark-build/test/CMakeFiles/benchmark_min_time_flag_iters_test.dir/benchmark_min_time_flag_iters_test.cc.o
[ 44%] Building CXX object _deps/googlebenchmark-build/test/CMakeFiles/benchmark_test.dir/benchmark_test.cc.o
[ 45%] Building CXX object _deps/googlebenchmark-build/test/CMakeFiles/spec_arg_test.dir/spec_arg_test.cc.o
[ 45%] Building CXX object _deps/googlebenchmark-build/test/CMakeFiles/diagnostics_test.dir/diagnostics_test.cc.o
[ 46%] Building CXX object _deps/googlebenchmark-build/test/CMakeFiles/skip_with_error_test.dir/skip_with_error_test.cc.o
[ 47%] Building CXX object _deps/googlebenchmark-build/test/CMakeFiles/options_test.dir/options_test.cc.o
[ 47%] Building CXX object _deps/googlebenchmark-build/test/CMakeFiles/spec_arg_verbosity_test.dir/spec_arg_verbosity_test.cc.o
[ 49%] Building CXX object _deps/googlebenchmark-build/test/CMakeFiles/cxx03_test.dir/cxx03_test.cc.o
[ 49%] Building CXX object _deps/googlebenchmark-build/test/CMakeFiles/args_product_test.dir/args_product_test.cc.o
[ 49%] Building CXX object _deps/googlebenchmark-build/test/CMakeFiles/basic_test.dir/basic_test.cc.o
[ 50%] Building CXX object _deps/googlebenchmark-build/test/CMakeFiles/multiple_ranges_test.dir/multiple_ranges_test.cc.o
[ 51%] Building CXX object _deps/googlebenchmark-build/test/CMakeFiles/register_benchmark_test.dir/register_benchmark_test.cc.o
[ 51%] Building CXX object _deps/googlebenchmark-build/test/CMakeFiles/fixture_test.dir/fixture_test.cc.o
In file included from /usr/local/cuda/include/CL/cl.h:20,
                 from /usr/local/cuda/include/CL/opencl.h:24,
                 from /root/sam/matmul-cuda/matmul_driver.cpp:9:
/usr/local/cuda/include/CL/cl_version.h:22:104: note: ‘#pragma message: cl_version.h: CL_TARGET_OPENCL_VERSION is not defined. Defaulting to 300 (OpenCL 3.0)’
   22 | #pragma message("cl_version.h: CL_TARGET_OPENCL_VERSION is not defined. Defaulting to 300 (OpenCL 3.0)")
      |                                                                                                        ^
[ 52%] Linking CXX static library libbenchmark_main.a
[ 52%] Linking CXX executable donotoptimize_test
[ 52%] Linking CXX executable cxx03_test
[ 52%] Built target benchmark_main
[ 52%] Building CXX object _deps/googlebenchmark-build/test/CMakeFiles/link_main_test.dir/link_main_test.cc.o
[ 52%] Linking CXX executable spec_arg_verbosity_test
[ 52%] Built target donotoptimize_test
[ 53%] Linking CXX executable diagnostics_test
[ 54%] Linking CXX executable basic_test
[ 55%] Linking CXX executable benchmark_min_time_flag_iters_test
[ 55%] Linking CXX executable benchmark_setup_teardown_test
[ 56%] Linking CXX executable fixture_test
[ 56%] Built target cxx03_test
[ 56%] Linking CXX executable benchmark_min_time_flag_time_test
[ 57%] Linking CXX executable filter_test
[ 58%] Linking CXX executable map_test
[ 59%] Linking CXX executable options_test
[ 60%] Linking CXX executable spec_arg_test
[ 60%] Built target diagnostics_test
[ 60%] Built target spec_arg_verbosity_test
[ 60%] Built target basic_test
[ 60%] Built target benchmark_setup_teardown_test
[ 60%] Built target benchmark_min_time_flag_iters_test
[ 60%] Built target benchmark_min_time_flag_time_test
[ 60%] Built target fixture_test
[ 60%] Built target filter_test
[ 60%] Built target options_test
[ 61%] Linking CXX executable args_product_test
[ 61%] Built target spec_arg_test
[ 61%] Built target map_test
[ 62%] Linking CXX executable multiple_ranges_test
[ 63%] Linking CXX executable link_main_test
[ 63%] Built target args_product_test
[ 63%] Built target multiple_ranges_test
[ 63%] Built target link_main_test
/root/sam/matmul-cuda/src/gemm.cu(50): error: identifier "cpuDeviceSynchronize" is undefined
      cpuDeviceSynchronize();
      ^

1 error detected in the compilation of "/root/sam/matmul-cuda/src/gemm.cu".
make[2]: *** [CMakeFiles/matmul.dir/build.make:76: CMakeFiles/matmul.dir/src/gemm.cu.o] Error 2
make[2]: *** Waiting for unfinished jobs....
[ 64%] Linking CXX executable skip_with_error_test
[ 65%] Linking CXX executable register_benchmark_test
make[1]: *** [CMakeFiles/Makefile2:302: CMakeFiles/matmul.dir/all] Error 2
make[1]: *** Waiting for unfinished jobs....
[ 65%] Built target skip_with_error_test
[ 66%] Linking CXX executable benchmark_test
[ 66%] Built target register_benchmark_test
[ 66%] Built target benchmark_test
[ 67%] Linking CXX static library ../../../../../../lib/libgtest.a
[ 67%] Built target gtest
[ 67%] Linking CXX static library liboutput_test_helper.a
[ 67%] Built target output_test_helper
[ 67%] Linking CXX executable tests
[ 67%] Built target ARGPARSE_TESTS
make: *** [Makefile:156: all] Error 2
